<?xml version="1.0" encoding="UTF-8"?>
<!-- Generated by org.testng.reporters.JUnitReportReporter -->
<testsuite hostname="LAPTOP-BPLU8S0P" failures="0" tests="2" name="com.openweatherappapi.tests.OpenWeatherTest" time="3.734" errors="0" timestamp="2021-01-19T15:43:55 CAT" skipped="0">
  <testcase classname="com.openweatherappapi.tests.OpenWeatherTest" name="currentWeatherData" time="2.476"/>
  <system-out/>
  <testcase classname="com.openweatherappapi.tests.OpenWeatherTest" name="getWeatherHourlyData" time="1.258"/>
  <system-out/>
</testsuite> <!-- com.openweatherappapi.tests.OpenWeatherTest -->
